{"level":"info","message":"NODE_ENV: development","timestamp":"1:20:19 PM"}
{"level":"info","message":"NODE_ENV: development","timestamp":"1:23:54 PM"}
{"level":"info","message":"HOST: http://localhost:9000","timestamp":"1:23:54 PM"}
{"level":"info","message":"MongoDB: mongodb://localhost/task-dev","timestamp":"1:23:54 PM"}
{"level":"info","message":"Mongoose is open","timestamp":"1:23:54 PM"}
{"level":"info","message":"NODE_ENV: development","timestamp":"1:24:20 PM"}
{"level":"info","message":"HOST: http://localhost:9000","timestamp":"1:24:20 PM"}
{"level":"info","message":"MongoDB: mongodb://localhost/task-dev","timestamp":"1:24:20 PM"}
{"level":"info","message":"Mongoose is open","timestamp":"1:24:20 PM"}
{"level":"info","message":"NODE_ENV: development","timestamp":"1:24:52 PM"}
{"level":"info","message":"HOST: http://localhost:9000","timestamp":"1:24:52 PM"}
{"level":"info","message":"MongoDB: mongodb://localhost/task-dev","timestamp":"1:24:52 PM"}
{"level":"info","message":"Mongoose is open","timestamp":"1:24:52 PM"}
{"level":"info","message":"NODE_ENV: development","timestamp":"1:28:18 PM"}
{"level":"info","message":"HOST: http://localhost:9000","timestamp":"1:28:18 PM"}
{"level":"info","message":"MongoDB: mongodb://localhost/task-dev","timestamp":"1:28:18 PM"}
{"level":"info","message":"Mongoose is open","timestamp":"1:28:18 PM"}
{"level":"info","message":"NODE_ENV: development","timestamp":"1:31:10 PM"}
{"level":"info","message":"HOST: http://localhost:9000","timestamp":"1:31:10 PM"}
{"level":"info","message":"MongoDB: mongodb://localhost/task-dev","timestamp":"1:31:10 PM"}
{"level":"info","message":"Mongoose is open","timestamp":"1:31:10 PM"}
{"level":"info","message":"NODE_ENV: development","timestamp":"1:33:49 PM"}
{"level":"info","message":"HOST: http://localhost:9000","timestamp":"1:33:49 PM"}
{"level":"info","message":"MongoDB: mongodb://localhost/task-dev","timestamp":"1:33:49 PM"}
{"level":"info","message":"Mongoose is open","timestamp":"1:33:49 PM"}
{"level":"info","message":"NODE_ENV: development","timestamp":"1:34:23 PM"}
{"level":"info","message":"HOST: http://localhost:9000","timestamp":"1:34:23 PM"}
{"level":"info","message":"MongoDB: mongodb://localhost/task-dev","timestamp":"1:34:23 PM"}
{"level":"info","message":"Mongoose is open","timestamp":"1:34:23 PM"}
{"level":"info","message":"NODE_ENV: development","timestamp":"1:38:30 PM"}
{"level":"info","message":"HOST: http://localhost:9000","timestamp":"1:38:30 PM"}
{"level":"info","message":"MongoDB: mongodb://localhost/task-dev","timestamp":"1:38:30 PM"}
{"level":"info","message":"Mongoose is open","timestamp":"1:38:30 PM"}
{"level":"info","message":"NODE_ENV: development","timestamp":"1:38:39 PM"}
{"level":"info","message":"HOST: http://localhost:9000","timestamp":"1:38:39 PM"}
{"level":"info","message":"MongoDB: mongodb://localhost/task-dev","timestamp":"1:38:39 PM"}
{"level":"info","message":"Mongoose is open","timestamp":"1:38:39 PM"}
{"level":"info","message":"NODE_ENV: development","timestamp":"1:50:06 PM"}
{"level":"info","message":"HOST: http://localhost:9000","timestamp":"1:50:07 PM"}
{"level":"info","message":"MongoDB: mongodb://localhost/task-dev","timestamp":"1:50:07 PM"}
{"level":"info","message":"Mongoose is open","timestamp":"1:50:07 PM"}
{"level":"info","message":"NODE_ENV: development","timestamp":"1:59:15 PM"}
{"level":"info","message":"HOST: http://localhost:9000","timestamp":"1:59:15 PM"}
{"level":"info","message":"MongoDB: mongodb://localhost/task-dev","timestamp":"1:59:15 PM"}
{"level":"info","message":"Mongoose is open","timestamp":"1:59:15 PM"}
{"level":"info","message":"NODE_ENV: development","timestamp":"1:59:31 PM"}
{"level":"info","message":"HOST: http://localhost:9000","timestamp":"1:59:31 PM"}
{"level":"info","message":"MongoDB: mongodb://localhost/task-dev","timestamp":"1:59:31 PM"}
{"level":"info","message":"Mongoose is open","timestamp":"1:59:31 PM"}
{"level":"info","message":"NODE_ENV: development","timestamp":"4:34:34 PM"}
{"level":"info","message":"HOST: http://localhost:9000","timestamp":"4:34:34 PM"}
{"level":"info","message":"MongoDB: mongodb://localhost/task-dev","timestamp":"4:34:34 PM"}
{"level":"info","message":"Mongoose is open","timestamp":"4:34:34 PM"}
{"level":"info","message":"NODE_ENV: development","timestamp":"4:48:08 PM"}
{"level":"info","message":"HOST: http://localhost:9000","timestamp":"4:48:08 PM"}
{"level":"info","message":"MongoDB: mongodb://localhost/task-dev","timestamp":"4:48:08 PM"}
{"level":"info","message":"Mongoose is open","timestamp":"4:48:08 PM"}
{"level":"info","message":"NODE_ENV: development","timestamp":"4:48:52 PM"}
{"level":"info","message":"HOST: http://localhost:9000","timestamp":"4:48:52 PM"}
{"level":"info","message":"MongoDB: mongodb://localhost/task-dev","timestamp":"4:48:52 PM"}
{"level":"info","message":"Mongoose is open","timestamp":"4:48:52 PM"}
{"level":"info","message":"NODE_ENV: development","timestamp":"4:54:31 PM"}
{"level":"info","message":"HOST: http://localhost:9000","timestamp":"4:54:31 PM"}
{"level":"info","message":"MongoDB: mongodb://localhost/task-dev","timestamp":"4:54:31 PM"}
{"level":"info","message":"Mongoose is open","timestamp":"4:54:31 PM"}
{"level":"info","message":"NODE_ENV: development","timestamp":"4:56:11 PM"}
{"level":"info","message":"HOST: http://localhost:9000","timestamp":"4:56:11 PM"}
{"level":"info","message":"MongoDB: mongodb://localhost/task-dev","timestamp":"4:56:11 PM"}
{"level":"info","message":"Mongoose is open","timestamp":"4:56:11 PM"}
{"level":"info","message":"NODE_ENV: development","timestamp":"4:58:10 PM"}
{"level":"info","message":"HOST: http://localhost:9000","timestamp":"4:58:10 PM"}
{"level":"info","message":"MongoDB: mongodb://localhost/task-dev","timestamp":"4:58:10 PM"}
{"level":"info","message":"Mongoose is open","timestamp":"4:58:10 PM"}
{"level":"info","message":"NODE_ENV: development","timestamp":"4:59:58 PM"}
{"level":"info","message":"HOST: http://localhost:9000","timestamp":"4:59:58 PM"}
{"level":"info","message":"MongoDB: mongodb://localhost/task-dev","timestamp":"4:59:58 PM"}
{"level":"info","message":"Mongoose is open","timestamp":"4:59:58 PM"}
{"level":"info","message":"NODE_ENV: development","timestamp":"5:02:54 PM"}
{"level":"info","message":"HOST: http://localhost:9000","timestamp":"5:02:54 PM"}
{"level":"info","message":"MongoDB: mongodb://localhost/task-dev","timestamp":"5:02:54 PM"}
{"level":"info","message":"Mongoose is open","timestamp":"5:02:54 PM"}
{"level":"info","message":"NODE_ENV: development","timestamp":"5:06:32 PM"}
{"level":"info","message":"HOST: http://localhost:9000","timestamp":"5:06:32 PM"}
{"level":"info","message":"MongoDB: mongodb://localhost/task-dev","timestamp":"5:06:32 PM"}
{"level":"info","message":"Mongoose is open","timestamp":"5:06:32 PM"}
{"level":"info","message":"NODE_ENV: development","timestamp":"5:07:35 PM"}
{"level":"info","message":"HOST: http://localhost:9000","timestamp":"5:07:35 PM"}
{"level":"info","message":"MongoDB: mongodb://localhost/task-dev","timestamp":"5:07:35 PM"}
{"level":"info","message":"Mongoose is open","timestamp":"5:07:35 PM"}
{"level":"info","message":"NODE_ENV: development","timestamp":"5:07:55 PM"}
{"level":"info","message":"HOST: http://localhost:9000","timestamp":"5:07:56 PM"}
{"level":"info","message":"MongoDB: mongodb://localhost/task-dev","timestamp":"5:07:56 PM"}
{"level":"info","message":"Mongoose is open","timestamp":"5:07:56 PM"}
{"level":"info","message":"NODE_ENV: development","timestamp":"5:08:26 PM"}
{"level":"info","message":"HOST: http://localhost:9000","timestamp":"5:08:26 PM"}
{"level":"info","message":"MongoDB: mongodb://localhost/task-dev","timestamp":"5:08:26 PM"}
{"level":"info","message":"Mongoose is open","timestamp":"5:08:26 PM"}
{"level":"info","message":"NODE_ENV: development","timestamp":"5:08:46 PM"}
{"level":"info","message":"HOST: http://localhost:9000","timestamp":"5:08:46 PM"}
{"level":"info","message":"MongoDB: mongodb://localhost/task-dev","timestamp":"5:08:46 PM"}
{"level":"info","message":"Mongoose is open","timestamp":"5:08:46 PM"}
{"level":"info","message":"NODE_ENV: development","timestamp":"5:09:14 PM"}
{"level":"info","message":"HOST: http://localhost:9000","timestamp":"5:09:14 PM"}
{"level":"info","message":"MongoDB: mongodb://localhost/task-dev","timestamp":"5:09:14 PM"}
{"level":"info","message":"Mongoose is open","timestamp":"5:09:14 PM"}
{"level":"info","message":"NODE_ENV: development","timestamp":"5:18:13 PM"}
{"level":"info","message":"HOST: http://localhost:9000","timestamp":"5:18:13 PM"}
{"level":"info","message":"MongoDB: mongodb://localhost/task-dev","timestamp":"5:18:13 PM"}
{"level":"info","message":"Mongoose is open","timestamp":"5:18:13 PM"}
{"level":"info","message":"NODE_ENV: development","timestamp":"5:18:20 PM"}
{"level":"info","message":"HOST: http://localhost:9000","timestamp":"5:18:20 PM"}
{"level":"info","message":"MongoDB: mongodb://localhost/task-dev","timestamp":"5:18:21 PM"}
{"level":"info","message":"Mongoose is open","timestamp":"5:18:21 PM"}
{"level":"info","message":"NODE_ENV: development","timestamp":"5:22:04 PM"}
{"level":"info","message":"HOST: http://localhost:9000","timestamp":"5:22:04 PM"}
{"level":"info","message":"MongoDB: mongodb://localhost/task-dev","timestamp":"5:22:04 PM"}
{"level":"info","message":"Mongoose is open","timestamp":"5:22:04 PM"}
{"level":"info","message":"NODE_ENV: development","timestamp":"5:22:22 PM"}
{"level":"info","message":"HOST: http://localhost:9000","timestamp":"5:22:22 PM"}
{"level":"info","message":"MongoDB: mongodb://localhost/task-dev","timestamp":"5:22:22 PM"}
{"level":"info","message":"Mongoose is open","timestamp":"5:22:22 PM"}
{"level":"info","message":"NODE_ENV: development","timestamp":"5:22:52 PM"}
{"level":"info","message":"HOST: http://localhost:9000","timestamp":"5:22:52 PM"}
{"level":"info","message":"MongoDB: mongodb://localhost/task-dev","timestamp":"5:22:52 PM"}
{"level":"info","message":"Mongoose is open","timestamp":"5:22:52 PM"}
{"level":"info","message":"NODE_ENV: development","timestamp":"5:23:58 PM"}
{"level":"info","message":"HOST: http://localhost:9000","timestamp":"5:23:58 PM"}
{"level":"info","message":"MongoDB: mongodb://localhost/task-dev","timestamp":"5:23:58 PM"}
{"level":"info","message":"Mongoose is open","timestamp":"5:23:58 PM"}
{"level":"info","message":"NODE_ENV: development","timestamp":"5:25:08 PM"}
{"level":"info","message":"HOST: http://localhost:9000","timestamp":"5:25:08 PM"}
{"level":"info","message":"MongoDB: mongodb://localhost/task-dev","timestamp":"5:25:08 PM"}
{"level":"info","message":"Mongoose is open","timestamp":"5:25:08 PM"}
{"level":"info","message":"NODE_ENV: development","timestamp":"5:28:00 PM"}
{"level":"info","message":"HOST: http://localhost:9000","timestamp":"5:28:00 PM"}
{"level":"info","message":"MongoDB: mongodb://localhost/task-dev","timestamp":"5:28:00 PM"}
{"level":"info","message":"Mongoose is open","timestamp":"5:28:00 PM"}
{"level":"warn","message":"Mongoose default connection disconnected","timestamp":"5:29:18 PM"}
{"level":"info","message":"NODE_ENV: development","timestamp":"5:38:59 PM"}
{"level":"info","message":"HOST: http://localhost:9000","timestamp":"5:38:59 PM"}
{"level":"info","message":"MongoDB: mongodb://localhost/task-dev","timestamp":"5:38:59 PM"}
{"level":"info","message":"Mongoose is open","timestamp":"5:38:59 PM"}
{"level":"info","message":"NODE_ENV: development","timestamp":"5:39:29 PM"}
{"level":"info","message":"HOST: http://localhost:9000","timestamp":"5:39:29 PM"}
{"level":"info","message":"MongoDB: mongodb://localhost/task-dev","timestamp":"5:39:29 PM"}
{"level":"info","message":"Mongoose is open","timestamp":"5:39:29 PM"}
{"level":"info","message":"NODE_ENV: development","timestamp":"5:42:37 PM"}
{"level":"info","message":"HOST: http://localhost:9000","timestamp":"5:42:38 PM"}
{"level":"info","message":"MongoDB: mongodb://localhost/task-dev","timestamp":"5:42:38 PM"}
{"level":"info","message":"Mongoose is open","timestamp":"5:42:38 PM"}
{"level":"info","message":"NODE_ENV: development","timestamp":"5:42:42 PM"}
{"level":"info","message":"HOST: http://localhost:9000","timestamp":"5:42:42 PM"}
{"level":"info","message":"MongoDB: mongodb://localhost/task-dev","timestamp":"5:42:42 PM"}
{"level":"info","message":"Mongoose is open","timestamp":"5:42:42 PM"}
{"level":"info","message":"NODE_ENV: development","timestamp":"6:00:42 PM"}
{"level":"info","message":"HOST: http://localhost:9000","timestamp":"6:00:42 PM"}
{"level":"info","message":"MongoDB: mongodb://localhost/task-dev","timestamp":"6:00:42 PM"}
{"level":"info","message":"Mongoose is open","timestamp":"6:00:42 PM"}
{"level":"info","message":"NODE_ENV: development","timestamp":"6:00:52 PM"}
{"level":"info","message":"HOST: http://localhost:9000","timestamp":"6:00:52 PM"}
{"level":"info","message":"MongoDB: mongodb://localhost/task-dev","timestamp":"6:00:52 PM"}
{"level":"info","message":"Mongoose is open","timestamp":"6:00:52 PM"}
{"level":"info","message":"NODE_ENV: development","timestamp":"6:01:00 PM"}
{"level":"info","message":"HOST: http://localhost:9000","timestamp":"6:01:00 PM"}
{"level":"info","message":"MongoDB: mongodb://localhost/task-dev","timestamp":"6:01:00 PM"}
{"level":"info","message":"Mongoose is open","timestamp":"6:01:00 PM"}
{"level":"info","message":"NODE_ENV: development","timestamp":"6:04:16 PM"}
{"level":"info","message":"HOST: http://localhost:9000","timestamp":"6:04:16 PM"}
{"level":"info","message":"MongoDB: mongodb://localhost/task-dev","timestamp":"6:04:16 PM"}
{"level":"info","message":"Mongoose is open","timestamp":"6:04:16 PM"}
{"level":"info","message":"NODE_ENV: development","timestamp":"6:04:24 PM"}
{"level":"info","message":"HOST: http://localhost:9000","timestamp":"6:04:24 PM"}
{"level":"info","message":"MongoDB: mongodb://localhost/task-dev","timestamp":"6:04:24 PM"}
{"level":"info","message":"Mongoose is open","timestamp":"6:04:24 PM"}
{"level":"info","message":"NODE_ENV: development","timestamp":"6:08:28 PM"}
{"level":"info","message":"HOST: http://localhost:9000","timestamp":"6:08:28 PM"}
{"level":"info","message":"MongoDB: mongodb://localhost/task-dev","timestamp":"6:08:28 PM"}
{"level":"info","message":"Mongoose is open","timestamp":"6:08:28 PM"}
{"level":"info","message":"NODE_ENV: development","timestamp":"6:19:10 PM"}
{"level":"info","message":"HOST: http://localhost:9000","timestamp":"6:19:10 PM"}
{"level":"info","message":"MongoDB: mongodb://localhost/task-dev","timestamp":"6:19:10 PM"}
{"level":"info","message":"Mongoose is open","timestamp":"6:19:10 PM"}
{"level":"info","message":"NODE_ENV: development","timestamp":"6:27:43 PM"}
{"level":"info","message":"HOST: http://localhost:9000","timestamp":"6:27:43 PM"}
{"level":"info","message":"MongoDB: mongodb://localhost/task-dev","timestamp":"6:27:43 PM"}
{"level":"info","message":"Mongoose is open","timestamp":"6:27:43 PM"}
{"level":"info","message":"NODE_ENV: development","timestamp":"6:30:35 PM"}
{"level":"info","message":"HOST: http://localhost:9000","timestamp":"6:30:35 PM"}
{"level":"info","message":"MongoDB: mongodb://localhost/task-dev","timestamp":"6:30:35 PM"}
{"level":"info","message":"Mongoose is open","timestamp":"6:30:35 PM"}
{"level":"info","message":"NODE_ENV: development","timestamp":"6:30:44 PM"}
{"level":"info","message":"HOST: http://localhost:9000","timestamp":"6:30:44 PM"}
{"level":"info","message":"MongoDB: mongodb://localhost/task-dev","timestamp":"6:30:44 PM"}
{"level":"info","message":"Mongoose is open","timestamp":"6:30:44 PM"}
{"level":"info","message":"NODE_ENV: development","timestamp":"6:34:40 PM"}
{"level":"info","message":"HOST: http://localhost:9000","timestamp":"6:34:40 PM"}
{"level":"info","message":"MongoDB: mongodb://localhost/task-dev","timestamp":"6:34:40 PM"}
{"level":"info","message":"Mongoose is open","timestamp":"6:34:40 PM"}
{"level":"info","message":"NODE_ENV: development","timestamp":"6:35:24 PM"}
{"level":"info","message":"HOST: http://localhost:9000","timestamp":"6:35:24 PM"}
{"level":"info","message":"MongoDB: mongodb://localhost/task-dev","timestamp":"6:35:24 PM"}
{"level":"info","message":"Mongoose is open","timestamp":"6:35:24 PM"}
{"level":"info","message":"NODE_ENV: development","timestamp":"6:36:09 PM"}
{"level":"info","message":"HOST: http://localhost:9000","timestamp":"6:36:10 PM"}
{"level":"info","message":"MongoDB: mongodb://localhost/task-dev","timestamp":"6:36:10 PM"}
{"level":"info","message":"Mongoose is open","timestamp":"6:36:10 PM"}
{"level":"info","message":"NODE_ENV: development","timestamp":"6:37:33 PM"}
{"level":"info","message":"HOST: http://localhost:9000","timestamp":"6:37:33 PM"}
{"level":"info","message":"MongoDB: mongodb://localhost/task-dev","timestamp":"6:37:33 PM"}
{"level":"info","message":"Mongoose is open","timestamp":"6:37:33 PM"}
{"level":"info","message":"NODE_ENV: development","timestamp":"6:40:26 PM"}
{"level":"info","message":"HOST: http://localhost:9000","timestamp":"6:40:27 PM"}
{"level":"info","message":"MongoDB: mongodb://localhost/task-dev","timestamp":"6:40:27 PM"}
{"level":"info","message":"Mongoose is open","timestamp":"6:40:27 PM"}
{"level":"info","message":"NODE_ENV: development","timestamp":"6:41:12 PM"}
{"level":"info","message":"HOST: http://localhost:9000","timestamp":"6:41:12 PM"}
{"level":"info","message":"MongoDB: mongodb://localhost/task-dev","timestamp":"6:41:12 PM"}
{"level":"info","message":"Mongoose is open","timestamp":"6:41:12 PM"}
{"level":"info","message":"NODE_ENV: development","timestamp":"6:41:37 PM"}
{"level":"info","message":"HOST: http://localhost:9000","timestamp":"6:41:37 PM"}
{"level":"info","message":"MongoDB: mongodb://localhost/task-dev","timestamp":"6:41:37 PM"}
{"level":"info","message":"Mongoose is open","timestamp":"6:41:37 PM"}
{"level":"info","message":"NODE_ENV: development","timestamp":"6:41:47 PM"}
{"level":"info","message":"HOST: http://localhost:9000","timestamp":"6:41:47 PM"}
{"level":"info","message":"MongoDB: mongodb://localhost/task-dev","timestamp":"6:41:47 PM"}
{"level":"info","message":"Mongoose is open","timestamp":"6:41:47 PM"}
{"level":"info","message":"NODE_ENV: development","timestamp":"6:43:18 PM"}
{"level":"info","message":"HOST: http://localhost:9000","timestamp":"6:43:18 PM"}
{"level":"info","message":"MongoDB: mongodb://localhost/task-dev","timestamp":"6:43:18 PM"}
{"level":"info","message":"Mongoose is open","timestamp":"6:43:18 PM"}
{"level":"info","message":"NODE_ENV: development","timestamp":"6:44:10 PM"}
{"level":"info","message":"HOST: http://localhost:9000","timestamp":"6:44:10 PM"}
{"level":"info","message":"MongoDB: mongodb://localhost/task-dev","timestamp":"6:44:10 PM"}
{"level":"info","message":"Mongoose is open","timestamp":"6:44:10 PM"}
{"level":"info","message":"NODE_ENV: development","timestamp":"6:44:58 PM"}
{"level":"info","message":"HOST: http://localhost:9000","timestamp":"6:44:58 PM"}
{"level":"info","message":"MongoDB: mongodb://localhost/task-dev","timestamp":"6:44:58 PM"}
{"level":"info","message":"Mongoose is open","timestamp":"6:44:58 PM"}
{"level":"info","message":"NODE_ENV: development","timestamp":"6:45:20 PM"}
{"level":"info","message":"HOST: http://localhost:9000","timestamp":"6:45:20 PM"}
{"level":"info","message":"MongoDB: mongodb://localhost/task-dev","timestamp":"6:45:20 PM"}
{"level":"info","message":"Mongoose is open","timestamp":"6:45:20 PM"}
{"level":"info","message":"NODE_ENV: development","timestamp":"6:45:46 PM"}
{"level":"info","message":"HOST: http://localhost:9000","timestamp":"6:45:46 PM"}
{"level":"info","message":"MongoDB: mongodb://localhost/task-dev","timestamp":"6:45:46 PM"}
{"level":"info","message":"Mongoose is open","timestamp":"6:45:46 PM"}
{"level":"info","message":"NODE_ENV: development","timestamp":"6:48:51 PM"}
{"level":"info","message":"HOST: http://localhost:9000","timestamp":"6:48:51 PM"}
{"level":"info","message":"MongoDB: mongodb://localhost/task-dev","timestamp":"6:48:51 PM"}
{"level":"info","message":"Mongoose is open","timestamp":"6:48:51 PM"}
{"level":"info","message":"NODE_ENV: development","timestamp":"6:49:11 PM"}
{"level":"info","message":"HOST: http://localhost:9000","timestamp":"6:49:11 PM"}
{"level":"info","message":"MongoDB: mongodb://localhost/task-dev","timestamp":"6:49:11 PM"}
{"level":"info","message":"Mongoose is open","timestamp":"6:49:11 PM"}
{"level":"info","message":"NODE_ENV: development","timestamp":"6:49:50 PM"}
{"level":"info","message":"HOST: http://localhost:9000","timestamp":"6:49:50 PM"}
{"level":"info","message":"MongoDB: mongodb://localhost/task-dev","timestamp":"6:49:50 PM"}
{"level":"info","message":"Mongoose is open","timestamp":"6:49:50 PM"}
{"level":"info","message":"NODE_ENV: development","timestamp":"6:50:40 PM"}
{"level":"info","message":"HOST: http://localhost:9000","timestamp":"6:50:40 PM"}
{"level":"info","message":"MongoDB: mongodb://localhost/task-dev","timestamp":"6:50:40 PM"}
{"level":"info","message":"Mongoose is open","timestamp":"6:50:40 PM"}
{"level":"info","message":"NODE_ENV: development","timestamp":"6:51:46 PM"}
{"level":"info","message":"HOST: http://localhost:9000","timestamp":"6:51:46 PM"}
{"level":"info","message":"MongoDB: mongodb://localhost/task-dev","timestamp":"6:51:46 PM"}
{"level":"info","message":"Mongoose is open","timestamp":"6:51:46 PM"}
{"level":"warn","message":"Mongoose default connection disconnected","timestamp":"6:52:53 PM"}
{"level":"info","message":"NODE_ENV: development","timestamp":"6:52:57 PM"}
{"level":"info","message":"HOST: http://localhost:9000","timestamp":"6:52:57 PM"}
{"level":"info","message":"MongoDB: mongodb://localhost/task-dev","timestamp":"6:52:57 PM"}
{"level":"info","message":"Mongoose is open","timestamp":"6:52:57 PM"}
{"level":"info","message":"NODE_ENV: development","timestamp":"6:53:34 PM"}
{"level":"info","message":"HOST: http://localhost:9000","timestamp":"6:53:34 PM"}
{"level":"info","message":"MongoDB: mongodb://localhost/task-dev","timestamp":"6:53:34 PM"}
{"level":"info","message":"Mongoose is open","timestamp":"6:53:34 PM"}
{"level":"info","message":"NODE_ENV: development","timestamp":"6:53:42 PM"}
{"level":"info","message":"HOST: http://localhost:9000","timestamp":"6:53:42 PM"}
{"level":"info","message":"MongoDB: mongodb://localhost/task-dev","timestamp":"6:53:42 PM"}
{"level":"info","message":"Mongoose is open","timestamp":"6:53:42 PM"}
{"level":"info","message":"NODE_ENV: development","timestamp":"6:56:11 PM"}
{"level":"info","message":"HOST: http://localhost:9000","timestamp":"6:56:11 PM"}
{"level":"info","message":"MongoDB: mongodb://localhost/task-dev","timestamp":"6:56:11 PM"}
{"level":"info","message":"Mongoose is open","timestamp":"6:56:11 PM"}
{"level":"info","message":"NODE_ENV: development","timestamp":"6:56:19 PM"}
{"level":"info","message":"HOST: http://localhost:9000","timestamp":"6:56:19 PM"}
{"level":"info","message":"MongoDB: mongodb://localhost/task-dev","timestamp":"6:56:19 PM"}
{"level":"info","message":"Mongoose is open","timestamp":"6:56:19 PM"}
{"level":"info","message":"NODE_ENV: development","timestamp":"6:57:27 PM"}
{"level":"info","message":"HOST: http://localhost:9000","timestamp":"6:57:27 PM"}
{"level":"info","message":"MongoDB: mongodb://localhost/task-dev","timestamp":"6:57:27 PM"}
{"level":"info","message":"Mongoose is open","timestamp":"6:57:27 PM"}
{"level":"info","message":"NODE_ENV: development","timestamp":"6:58:11 PM"}
{"level":"info","message":"HOST: http://localhost:9000","timestamp":"6:58:11 PM"}
{"level":"info","message":"MongoDB: mongodb://localhost/task-dev","timestamp":"6:58:11 PM"}
{"level":"info","message":"Mongoose is open","timestamp":"6:58:11 PM"}
{"level":"info","message":"NODE_ENV: development","timestamp":"6:59:13 PM"}
{"level":"info","message":"HOST: http://localhost:9000","timestamp":"6:59:13 PM"}
{"level":"info","message":"MongoDB: mongodb://localhost/task-dev","timestamp":"6:59:13 PM"}
{"level":"info","message":"Mongoose is open","timestamp":"6:59:13 PM"}
{"level":"info","message":"NODE_ENV: development","timestamp":"7:01:52 PM"}
{"level":"info","message":"HOST: http://localhost:9000","timestamp":"7:01:52 PM"}
{"level":"info","message":"MongoDB: mongodb://localhost/task-dev","timestamp":"7:01:52 PM"}
{"level":"info","message":"Mongoose is open","timestamp":"7:01:52 PM"}
{"level":"info","message":"NODE_ENV: development","timestamp":"7:02:47 PM"}
{"level":"info","message":"HOST: http://localhost:9000","timestamp":"7:02:48 PM"}
{"level":"info","message":"MongoDB: mongodb://localhost/task-dev","timestamp":"7:02:48 PM"}
{"level":"info","message":"Mongoose is open","timestamp":"7:02:48 PM"}
{"level":"info","message":"NODE_ENV: development","timestamp":"7:04:27 PM"}
{"level":"info","message":"HOST: http://localhost:9000","timestamp":"7:04:27 PM"}
{"level":"info","message":"MongoDB: mongodb://localhost/task-dev","timestamp":"7:04:27 PM"}
{"level":"info","message":"Mongoose is open","timestamp":"7:04:27 PM"}
{"level":"info","message":"NODE_ENV: development","timestamp":"7:04:45 PM"}
{"level":"info","message":"HOST: http://localhost:9000","timestamp":"7:04:45 PM"}
{"level":"info","message":"MongoDB: mongodb://localhost/task-dev","timestamp":"7:04:45 PM"}
{"level":"info","message":"Mongoose is open","timestamp":"7:04:45 PM"}
{"level":"info","message":"NODE_ENV: development","timestamp":"7:05:50 PM"}
{"level":"info","message":"HOST: http://localhost:9000","timestamp":"7:05:50 PM"}
{"level":"info","message":"MongoDB: mongodb://localhost/task-dev","timestamp":"7:05:50 PM"}
{"level":"info","message":"Mongoose is open","timestamp":"7:05:50 PM"}
{"level":"info","message":"NODE_ENV: development","timestamp":"7:06:50 PM"}
{"level":"info","message":"HOST: http://localhost:9000","timestamp":"7:06:50 PM"}
{"level":"info","message":"MongoDB: mongodb://localhost/task-dev","timestamp":"7:06:50 PM"}
{"level":"info","message":"Mongoose is open","timestamp":"7:06:50 PM"}
{"level":"info","message":"NODE_ENV: development","timestamp":"7:07:05 PM"}
{"level":"info","message":"HOST: http://localhost:9000","timestamp":"7:07:05 PM"}
{"level":"info","message":"MongoDB: mongodb://localhost/task-dev","timestamp":"7:07:05 PM"}
{"level":"info","message":"Mongoose is open","timestamp":"7:07:05 PM"}
{"level":"info","message":"NODE_ENV: development","timestamp":"7:07:38 PM"}
{"level":"info","message":"HOST: http://localhost:9000","timestamp":"7:07:38 PM"}
{"level":"info","message":"MongoDB: mongodb://localhost/task-dev","timestamp":"7:07:38 PM"}
{"level":"info","message":"Mongoose is open","timestamp":"7:07:38 PM"}
{"level":"info","message":"NODE_ENV: development","timestamp":"7:08:00 PM"}
{"level":"info","message":"HOST: http://localhost:9000","timestamp":"7:08:00 PM"}
{"level":"info","message":"MongoDB: mongodb://localhost/task-dev","timestamp":"7:08:00 PM"}
{"level":"info","message":"Mongoose is open","timestamp":"7:08:00 PM"}
{"level":"info","message":"NODE_ENV: development","timestamp":"7:08:25 PM"}
{"level":"info","message":"HOST: http://localhost:9000","timestamp":"7:08:25 PM"}
{"level":"info","message":"MongoDB: mongodb://localhost/task-dev","timestamp":"7:08:25 PM"}
{"level":"info","message":"Mongoose is open","timestamp":"7:08:25 PM"}
{"level":"info","message":"NODE_ENV: development","timestamp":"7:12:34 PM"}
{"level":"info","message":"HOST: http://localhost:9000","timestamp":"7:12:34 PM"}
{"level":"info","message":"MongoDB: mongodb://localhost/task-dev","timestamp":"7:12:34 PM"}
{"level":"info","message":"Mongoose is open","timestamp":"7:12:34 PM"}
{"level":"info","message":"NODE_ENV: development","timestamp":"7:12:59 PM"}
{"level":"info","message":"HOST: http://localhost:9000","timestamp":"7:12:59 PM"}
{"level":"info","message":"MongoDB: mongodb://localhost/task-dev","timestamp":"7:12:59 PM"}
{"level":"info","message":"Mongoose is open","timestamp":"7:12:59 PM"}
{"level":"info","message":"NODE_ENV: development","timestamp":"7:13:16 PM"}
{"level":"info","message":"HOST: http://localhost:9000","timestamp":"7:13:16 PM"}
{"level":"info","message":"MongoDB: mongodb://localhost/task-dev","timestamp":"7:13:16 PM"}
{"level":"info","message":"Mongoose is open","timestamp":"7:13:16 PM"}
{"level":"info","message":"NODE_ENV: development","timestamp":"7:13:34 PM"}
{"level":"info","message":"HOST: http://localhost:9000","timestamp":"7:13:34 PM"}
{"level":"info","message":"MongoDB: mongodb://localhost/task-dev","timestamp":"7:13:34 PM"}
{"level":"info","message":"Mongoose is open","timestamp":"7:13:34 PM"}
{"level":"info","message":"NODE_ENV: development","timestamp":"7:13:46 PM"}
{"level":"info","message":"HOST: http://localhost:9000","timestamp":"7:13:46 PM"}
{"level":"info","message":"MongoDB: mongodb://localhost/task-dev","timestamp":"7:13:46 PM"}
{"level":"info","message":"Mongoose is open","timestamp":"7:13:46 PM"}
{"level":"info","message":"NODE_ENV: development","timestamp":"7:14:30 PM"}
{"level":"info","message":"HOST: http://localhost:9000","timestamp":"7:14:30 PM"}
{"level":"info","message":"MongoDB: mongodb://localhost/task-dev","timestamp":"7:14:30 PM"}
{"level":"info","message":"Mongoose is open","timestamp":"7:14:30 PM"}
{"level":"info","message":"NODE_ENV: development","timestamp":"7:14:47 PM"}
{"level":"info","message":"HOST: http://localhost:9000","timestamp":"7:14:47 PM"}
{"level":"info","message":"MongoDB: mongodb://localhost/task-dev","timestamp":"7:14:47 PM"}
{"level":"info","message":"Mongoose is open","timestamp":"7:14:47 PM"}
{"level":"info","message":"NODE_ENV: development","timestamp":"7:16:01 PM"}
{"level":"info","message":"HOST: http://localhost:9000","timestamp":"7:16:01 PM"}
{"level":"info","message":"MongoDB: mongodb://localhost/task-dev","timestamp":"7:16:01 PM"}
{"level":"info","message":"Mongoose is open","timestamp":"7:16:01 PM"}
{"level":"info","message":"NODE_ENV: development","timestamp":"7:17:07 PM"}
{"level":"info","message":"HOST: http://localhost:9000","timestamp":"7:17:07 PM"}
{"level":"info","message":"MongoDB: mongodb://localhost/task-dev","timestamp":"7:17:07 PM"}
{"level":"info","message":"Mongoose is open","timestamp":"7:17:08 PM"}
{"level":"info","message":"NODE_ENV: development","timestamp":"7:17:19 PM"}
{"level":"info","message":"HOST: http://localhost:9000","timestamp":"7:17:19 PM"}
{"level":"info","message":"MongoDB: mongodb://localhost/task-dev","timestamp":"7:17:19 PM"}
{"level":"info","message":"Mongoose is open","timestamp":"7:17:20 PM"}
{"level":"info","message":"NODE_ENV: development","timestamp":"7:17:49 PM"}
{"level":"info","message":"HOST: http://localhost:9000","timestamp":"7:17:49 PM"}
{"level":"info","message":"MongoDB: mongodb://localhost/task-dev","timestamp":"7:17:49 PM"}
{"level":"info","message":"Mongoose is open","timestamp":"7:17:49 PM"}
{"level":"info","message":"NODE_ENV: development","timestamp":"7:18:13 PM"}
{"level":"info","message":"HOST: http://localhost:9000","timestamp":"7:18:13 PM"}
{"level":"info","message":"MongoDB: mongodb://localhost/task-dev","timestamp":"7:18:13 PM"}
{"level":"info","message":"Mongoose is open","timestamp":"7:18:13 PM"}
{"level":"info","message":"NODE_ENV: development","timestamp":"7:19:44 PM"}
{"level":"info","message":"HOST: http://localhost:9000","timestamp":"7:19:44 PM"}
{"level":"info","message":"MongoDB: mongodb://localhost/task-dev","timestamp":"7:19:44 PM"}
{"level":"info","message":"Mongoose is open","timestamp":"7:19:44 PM"}
{"level":"info","message":"NODE_ENV: development","timestamp":"7:20:57 PM"}
{"level":"info","message":"HOST: http://localhost:9000","timestamp":"7:20:57 PM"}
{"level":"info","message":"MongoDB: mongodb://localhost/task-dev","timestamp":"7:20:57 PM"}
{"level":"info","message":"Mongoose is open","timestamp":"7:20:57 PM"}
